[18:06:23] [main/INFO]: Logging in with username & password
[18:06:33] [main/INFO]: Setting user: LiLRichy
[18:06:37] [Client thread/INFO]: LWJGL Version: 2.9.1
[18:06:38] [Twitch authenticator/ERROR]: [Broadcast controller] TTV_EC_INTEL_FAILED_SESSION_INIT
[18:06:51] [Client thread/INFO]: Reloading ResourceManager: Default, FMLFileResourcePack:Forge Mod Loader, FMLFileResourcePack:Minecraft Forge, FMLFileResourcePack:Not Enough Items, FMLFileResourcePack:LiLRichy Mod, FMLFileResourcePack:Waila
[18:06:52] [Sound Library Loader/INFO]: Sound engine started
[18:06:55] [Client thread/INFO]: Created: 16x16 textures/blocks-atlas
[18:06:55] [Client thread/INFO]: Created: 16x16 textures/items-atlas
[18:06:57] [Client thread/INFO]: Reloading ResourceManager: Default, FMLFileResourcePack:Forge Mod Loader, FMLFileResourcePack:Minecraft Forge, FMLFileResourcePack:Not Enough Items, FMLFileResourcePack:LiLRichy Mod, FMLFileResourcePack:Waila
[18:06:58] [Client thread/INFO]: Created: 1024x1024 textures/blocks-atlas
[18:06:58] [Client thread/INFO]: Created: 512x512 textures/items-atlas
[18:06:59] [Sound Library Loader/INFO]: Sound engine started
[18:07:11] [Server thread/INFO]: Starting integrated minecraft server version 1.7.10
[18:07:11] [Server thread/INFO]: Generating keypair
[18:07:12] [Server thread/INFO]: Preparing start region for level 0
[18:07:12] [Server thread/INFO]: Changing view distance to 12, from 10
[18:07:14] [Server thread/INFO]: LiLRichy[local:E:f5ed696b] logged in with entity id 212 at (831.8158626043224, 4.0, -315.5873282571353)
[18:07:14] [Server thread/INFO]: LiLRichy joined the game
[18:07:24] [Client thread/INFO]: Stopping!
[18:07:24] [Server thread/INFO]: Stopping server
[18:07:24] [Server thread/INFO]: Saving players
[18:07:24] [Server thread/INFO]: Saving worlds
[18:07:24] [Server thread/INFO]: Saving chunks for level 'Flat'/Overworld
[18:07:24] [Server thread/INFO]: Saving chunks for level 'Flat'/Nether
[18:07:24] [Server thread/INFO]: Saving chunks for level 'Flat'/The End
[18:07:24] [Client Shutdown Thread/INFO]: Stopping server
[18:07:24] [Client Shutdown Thread/INFO]: Saving players
[18:07:24] [Client Shutdown Thread/INFO]: Saving worlds
[18:07:24] [Client Shutdown Thread/INFO]: Saving chunks for level 'Flat'/Overworld
